# JRE version: Java(TM) SE Runtime Environment (8.0_77-b03) (build 1.8.0_77-b03)
# Java VM: Java HotSpot(TM) 64-Bit Server VM (25.77-b03 mixed mode windows-amd64 compressed oops)
Heap:
 PSYoungGen      total 164352K, used 144317K [0x00000000d6000000, 0x00000000ee980000, 0x0000000100000000)
  eden space 163840K, 88% used [0x00000000d6000000,0x00000000dece7438,0x00000000e0000000)
  from space 512K, 6% used [0x00000000ee900000,0x00000000ee908000,0x00000000ee980000)
  to   space 4096K, 0% used [0x00000000ee180000,0x00000000ee180000,0x00000000ee580000)
 ParOldGen       total 86016K, used 7109K [0x0000000082000000, 0x0000000087400000, 0x00000000d6000000)
  object space 86016K, 8% used [0x0000000082000000,0x00000000826f16c0,0x0000000087400000)
 Metaspace       used 12545K, capacity 12710K, committed 12928K, reserved 1060864K
  class space    used 1521K, capacity 1603K, committed 1664K, reserved 1048576K
GC Heap History (10 events):
Event: 2856.769 GC heap before
{Heap before GC invocations=16 (full 0):
 PSYoungGen      total 207872K, used 202368K [0x00000000d6000000, 0x00000000ef600000, 0x0000000100000000)
  eden space 202240K, 100% used [0x00000000d6000000,0x00000000e2580000,0x00000000e2580000)
  from space 5632K, 2% used [0x00000000eeb00000,0x00000000eeb20000,0x00000000ef080000)
  to   space 5120K, 0% used [0x00000000ef100000,0x00000000ef100000,0x00000000ef600000)
 ParOldGen       total 86016K, used 7069K [0x0000000082000000, 0x0000000087400000, 0x00000000d6000000)
  object space 86016K, 8% used [0x0000000082000000,0x00000000826e76c0,0x0000000087400000)
 Metaspace       used 12544K, capacity 12710K, committed 12928K, reserved 1060864K
  class space    used 1521K, capacity 1603K, committed 1664K, reserved 1048576K
Event: 2856.770 GC heap after
Heap after GC invocations=16 (full 0):
 PSYoungGen      total 194560K, used 32K [0x00000000d6000000, 0x00000000ef180000, 0x0000000100000000)
  eden space 194048K, 0% used [0x00000000d6000000,0x00000000d6000000,0x00000000e1d80000)
  from space 512K, 6% used [0x00000000ef100000,0x00000000ef108000,0x00000000ef180000)
  to   space 5120K, 0% used [0x00000000ee780000,0x00000000ee780000,0x00000000eec80000)
 ParOldGen       total 86016K, used 7101K [0x0000000082000000, 0x0000000087400000, 0x00000000d6000000)
  object space 86016K, 8% used [0x0000000082000000,0x00000000826ef6c0,0x0000000087400000)
 Metaspace       used 12544K, capacity 12710K, committed 12928K, reserved 1060864K
  class space    used 1521K, capacity 1603K, committed 1664K, reserved 1048576K
}
Event: 2858.529 GC heap before
{Heap before GC invocations=17 (full 0):
 PSYoungGen      total 194560K, used 194080K [0x00000000d6000000, 0x00000000ef180000, 0x0000000100000000)
  eden space 194048K, 100% used [0x00000000d6000000,0x00000000e1d80000,0x00000000e1d80000)
  from space 512K, 6% used [0x00000000ef100000,0x00000000ef108000,0x00000000ef180000)
  to   space 5120K, 0% used [0x00000000ee780000,0x00000000ee780000,0x00000000eec80000)
 ParOldGen       total 86016K, used 7101K [0x0000000082000000, 0x0000000087400000, 0x00000000d6000000)
  object space 86016K, 8% used [0x0000000082000000,0x00000000826ef6c0,0x0000000087400000)
 Metaspace       used 12544K, capacity 12710K, committed 12928K, reserved 1060864K
  class space    used 1521K, capacity 1603K, committed 1664K, reserved 1048576K
Event: 2858.530 GC heap after
Heap after GC invocations=17 (full 0):
 PSYoungGen      total 190976K, used 32K [0x00000000d6000000, 0x00000000ef180000, 0x0000000100000000)
  eden space 185856K, 0% used [0x00000000d6000000,0x00000000d6000000,0x00000000e1580000)
  from space 5120K, 0% used [0x00000000ee780000,0x00000000ee788000,0x00000000eec80000)
  to   space 4608K, 0% used [0x00000000eed00000,0x00000000eed00000,0x00000000ef180000)
 ParOldGen       total 86016K, used 7101K [0x0000000082000000, 0x0000000087400000, 0x00000000d6000000)
  object space 86016K, 8% used [0x0000000082000000,0x00000000826ef6c0,0x0000000087400000)
 Metaspace       used 12544K, capacity 12710K, committed 12928K, reserved 1060864K
  class space    used 1521K, capacity 1603K, committed 1664K, reserved 1048576K
}
Event: 2860.242 GC heap before
{Heap before GC invocations=18 (full 0):
 PSYoungGen      total 190976K, used 185888K [0x00000000d6000000, 0x00000000ef180000, 0x0000000100000000)
  eden space 185856K, 100% used [0x00000000d6000000,0x00000000e1580000,0x00000000e1580000)
  from space 5120K, 0% used [0x00000000ee780000,0x00000000ee788000,0x00000000eec80000)
  to   space 4608K, 0% used [0x00000000eed00000,0x00000000eed00000,0x00000000ef180000)
 ParOldGen       total 86016K, used 7101K [0x0000000082000000, 0x0000000087400000, 0x00000000d6000000)
  object space 86016K, 8% used [0x0000000082000000,0x00000000826ef6c0,0x0000000087400000)
 Metaspace       used 12545K, capacity 12710K, committed 12928K, reserved 1060864K
  class space    used 1521K, capacity 1603K, committed 1664K, reserved 1048576K
Event: 2860.242 GC heap after
Heap after GC invocations=18 (full 0):
 PSYoungGen      total 178688K, used 64K [0x00000000d6000000, 0x00000000eed80000, 0x0000000100000000)
  eden space 178176K, 0% used [0x00000000d6000000,0x00000000d6000000,0x00000000e0e00000)
  from space 512K, 12% used [0x00000000eed00000,0x00000000eed10000,0x00000000eed80000)
  to   space 4608K, 0% used [0x00000000ee480000,0x00000000ee480000,0x00000000ee900000)
 ParOldGen       total 86016K, used 7101K [0x0000000082000000, 0x0000000087400000, 0x00000000d6000000)
  object space 86016K, 8% used [0x0000000082000000,0x00000000826ef6c0,0x0000000087400000)
 Metaspace       used 12545K, capacity 12710K, committed 12928K, reserved 1060864K
  class space    used 1521K, capacity 1603K, committed 1664K, reserved 1048576K
}
Event: 2861.886 GC heap before
{Heap before GC invocations=19 (full 0):
 PSYoungGen      total 178688K, used 178240K [0x00000000d6000000, 0x00000000eed80000, 0x0000000100000000)
  eden space 178176K, 100% used [0x00000000d6000000,0x00000000e0e00000,0x00000000e0e00000)
  from space 512K, 12% used [0x00000000eed00000,0x00000000eed10000,0x00000000eed80000)
  to   space 4608K, 0% used [0x00000000ee480000,0x00000000ee480000,0x00000000ee900000)
 ParOldGen       total 86016K, used 7101K [0x0000000082000000, 0x0000000087400000, 0x00000000d6000000)
  object space 86016K, 8% used [0x0000000082000000,0x00000000826ef6c0,0x0000000087400000)
 Metaspace       used 12545K, capacity 12710K, committed 12928K, reserved 1060864K
  class space    used 1521K, capacity 1603K, committed 1664K, reserved 1048576K
Event: 2861.886 GC heap after
Heap after GC invocations=19 (full 0):
 PSYoungGen      total 175616K, used 32K [0x00000000d6000000, 0x00000000eed80000, 0x0000000100000000)
  eden space 171008K, 0% used [0x00000000d6000000,0x00000000d6000000,0x00000000e0700000)
  from space 4608K, 0% used [0x00000000ee480000,0x00000000ee488000,0x00000000ee900000)
  to   space 4608K, 0% used [0x00000000ee900000,0x00000000ee900000,0x00000000eed80000)
 ParOldGen       total 86016K, used 7109K [0x0000000082000000, 0x0000000087400000, 0x00000000d6000000)
  object space 86016K, 8% used [0x0000000082000000,0x00000000826f16c0,0x0000000087400000)
 Metaspace       used 12545K, capacity 12710K, committed 12928K, reserved 1060864K
  class space    used 1521K, capacity 1603K, committed 1664K, reserved 1048576K
}
Event: 2863.463 GC heap before
{Heap before GC invocations=20 (full 0):
 PSYoungGen      total 175616K, used 171040K [0x00000000d6000000, 0x00000000eed80000, 0x0000000100000000)
  eden space 171008K, 100% used [0x00000000d6000000,0x00000000e0700000,0x00000000e0700000)
  from space 4608K, 0% used [0x00000000ee480000,0x00000000ee488000,0x00000000ee900000)
  to   space 4608K, 0% used [0x00000000ee900000,0x00000000ee900000,0x00000000eed80000)
 ParOldGen       total 86016K, used 7109K [0x0000000082000000, 0x0000000087400000, 0x00000000d6000000)
  object space 86016K, 8% used [0x0000000082000000,0x00000000826f16c0,0x0000000087400000)
 Metaspace       used 12545K, capacity 12710K, committed 12928K, reserved 1060864K
  class space    used 1521K, capacity 1603K, committed 1664K, reserved 1048576K
Event: 2863.464 GC heap after
Heap after GC invocations=20 (full 0):
 PSYoungGen      total 164352K, used 32K [0x00000000d6000000, 0x00000000ee980000, 0x0000000100000000)
  eden space 163840K, 0% used [0x00000000d6000000,0x00000000d6000000,0x00000000e0000000)
  from space 512K, 6% used [0x00000000ee900000,0x00000000ee908000,0x00000000ee980000)
  to   space 4096K, 0% used [0x00000000ee180000,0x00000000ee180000,0x00000000ee580000)
 ParOldGen       total 86016K, used 7109K [0x0000000082000000, 0x0000000087400000, 0x00000000d6000000)
  object space 86016K, 8% used [0x0000000082000000,0x00000000826f16c0,0x0000000087400000)
 Metaspace       used 12545K, capacity 12710K, committed 12928K, reserved 1060864K
  class space    used 1521K, capacity 1603K, committed 1664K, reserved 1048576K
}

